<?xml version="1.0" encoding="UTF-8"?>
<!-- Generated by org.testng.reporters.JUnitXMLReporter -->
<testsuite ignored="0" hostname="Phuongs-MacBook-Pro.local" failures="0" tests="3" name="Group 1" time="0.401" errors="0" timestamp="2022-10-18T21:42:30 CDT">
  <testcase classname="test.testNG.DataProviderComputer" name="testDataProvider" time="0.128"/>
  <testcase classname="test.testNG.DataProviderComputer" name="testDataProvider" time="0.006"/>
  <testcase classname="test.testNG.DataProviderComputer" name="testDataProvider" time="0.007"/>
</testsuite> <!-- Group 1 -->
