<?xml version="1.0" encoding="UTF-8"?>
<!-- Generated by org.testng.reporters.JUnitXMLReporter -->
<testsuite ignored="0" hostname="Phuongs-MacBook-Pro.local" failures="0" tests="3" name="Group 2" time="0.402" errors="0" timestamp="2022-10-18T21:42:30 CDT">
  <testcase classname="test.testNG.LearnDataProvider" name="testDataProvider" time="0.179"/>
  <testcase classname="test.testNG.LearnDataProvider" name="testDataProvider" time="0.006"/>
  <testcase classname="test.testNG.LearnDataProvider" name="testDataProvider" time="0.004"/>
</testsuite> <!-- Group 2 -->
